2024-11-15 10:30:45 [INFO] Application started on port 3000
2024-11-15 10:30:46 [INFO] Database connection established
2024-11-15 10:31:12 [INFO] User authentication attempt: admin@acmetech.com
2024-11-15 10:31:15 [INFO] User logged in successfully: admin@acmetech.com (ID: 1)
2024-11-15 10:31:20 [INFO] JWT Token generated successfully

2024-11-15 11:45:33 [ERROR] Database connection failed - retrying...
2024-11-15 11:45:35 [INFO] Retrying database connection...
2024-11-15 11:45:36 [INFO] Database reconnected successfully

2024-11-15 14:22:18 [INFO] S3 upload initiated for file: inventory_report_2024.xlsx
2024-11-15 14:22:19 [INFO] File uploaded successfully to production bucket
2024-11-15 14:22:20 [INFO] Upload completed - 2.3MB transferred

2024-11-15 16:10:44 [INFO] Slack notification sent successfully
2024-11-15 16:10:45 [INFO] Notification delivered to #operations channel

2024-11-15 18:35:12 [INFO] Deployment initiated by user: david.rodriguez@acmetech.com
2024-11-15 18:35:13 [INFO] Connecting to production server...
2024-11-15 18:35:15 [INFO] Deployment completed successfully
2024-11-15 18:35:16 [INFO] Application restarted - version 1.2.3 deployed

2024-11-15 20:15:28 [WARN] GitHub API rate limit approaching (85% used)
2024-11-15 20:15:30 [INFO] Rate limit reset in 45 minutes
2024-11-15 20:16:12 [ERROR] Failed to fetch repository metadata - authentication error
2024-11-15 20:16:12 [DEBUG] GitHub token validation failed: ghp_2K8x9QvN4rM7sP1wB5cY3eR6tL0nA8zA
2024-11-15 20:16:15 [INFO] Retrying with backup authentication method 